<?xml version="1.0" encoding="UTF-8"?>
<robot generator="Robot 4.1.3 (Python 3.8.10 on linux)" generated="20220526 22:51:29.987" rpa="false" schemaversion="2">
<suite id="s1" name="PageObject" source="/home/robert/Pulpit/tester/robot-practice/Tests/PageObject.robot">
<test id="s1-t1" name="Verify Successfull loading homepage">
<kw name="Opening Browser" library="Common">
<arg>${site_url}</arg>
<arg>${browser}</arg>
<kw name="Open Browser" library="SeleniumLibrary">
<arg>${site_url}</arg>
<arg>${browser}</arg>
<doc>Opens a new browser instance to the optional ``url``.</doc>
<msg timestamp="20220526 22:51:30.103" level="INFO">Opening browser 'Firefox' to base url 'http://automationpractice.com/'.</msg>
<msg timestamp="20220526 22:51:30.103" level="INFO">Firefox driver log is always forced to to: /home/robert/Pulpit/tester/robot-practice/Tests/geckodriver-65.log</msg>
<status status="PASS" starttime="20220526 22:51:30.103" endtime="20220526 22:51:36.687"/>
</kw>
<kw name="Wait Until Element Is Visible" library="SeleniumLibrary">
<arg>${SIGN_IN}</arg>
<arg>timeout=5</arg>
<doc>Waits until the element ``locator`` is visible.</doc>
<status status="PASS" starttime="20220526 22:51:36.687" endtime="20220526 22:51:36.887"/>
</kw>
<status status="PASS" starttime="20220526 22:51:30.102" endtime="20220526 22:51:36.888"/>
</kw>
<kw name="Verify home page loaded successfully" library="HomePage">
<kw name="Title Should Be" library="SeleniumLibrary">
<arg>${hp_head_title}</arg>
<doc>Verifies that the current page title equals ``title``.</doc>
<msg timestamp="20220526 22:51:36.891" level="INFO">Page title is 'My Store'.</msg>
<status status="PASS" starttime="20220526 22:51:36.888" endtime="20220526 22:51:36.891"/>
</kw>
<status status="PASS" starttime="20220526 22:51:36.888" endtime="20220526 22:51:36.891"/>
</kw>
<kw name="Close Browser" library="SeleniumLibrary">
<doc>Closes the current browser.</doc>
<status status="PASS" starttime="20220526 22:51:36.891" endtime="20220526 22:51:37.267"/>
</kw>
<status status="PASS" starttime="20220526 22:51:30.102" endtime="20220526 22:51:37.267"/>
</test>
<test id="s1-t2" name="Navigate to Authentication page">
<kw name="Opening Browser" library="Common">
<arg>${site_url}</arg>
<arg>${browser}</arg>
<kw name="Open Browser" library="SeleniumLibrary">
<arg>${site_url}</arg>
<arg>${browser}</arg>
<doc>Opens a new browser instance to the optional ``url``.</doc>
<msg timestamp="20220526 22:51:37.268" level="INFO">Opening browser 'Firefox' to base url 'http://automationpractice.com/'.</msg>
<msg timestamp="20220526 22:51:37.269" level="INFO">Firefox driver log is always forced to to: /home/robert/Pulpit/tester/robot-practice/Tests/geckodriver-66.log</msg>
<status status="PASS" starttime="20220526 22:51:37.268" endtime="20220526 22:51:43.864"/>
</kw>
<kw name="Wait Until Element Is Visible" library="SeleniumLibrary">
<arg>${SIGN_IN}</arg>
<arg>timeout=5</arg>
<doc>Waits until the element ``locator`` is visible.</doc>
<status status="PASS" starttime="20220526 22:51:43.865" endtime="20220526 22:51:44.086"/>
</kw>
<status status="PASS" starttime="20220526 22:51:37.268" endtime="20220526 22:51:44.086"/>
</kw>
<kw name="Click Link" library="SeleniumLibrary">
<arg>${SIGN_IN}</arg>
<doc>Clicks a link identified by ``locator``.</doc>
<msg timestamp="20220526 22:51:44.087" level="INFO">Clicking link 'partial link:Sign in'.</msg>
<status status="PASS" starttime="20220526 22:51:44.086" endtime="20220526 22:51:48.608"/>
</kw>
<kw name="Verify authentication page is successfully loaded" library="HomePage">
<kw name="Title Should Be" library="SeleniumLibrary">
<arg>${ap_head_title}</arg>
<doc>Verifies that the current page title equals ``title``.</doc>
<msg timestamp="20220526 22:51:48.610" level="INFO">Page title is 'Login - My Store'.</msg>
<status status="PASS" starttime="20220526 22:51:48.608" endtime="20220526 22:51:48.610"/>
</kw>
<status status="PASS" starttime="20220526 22:51:48.608" endtime="20220526 22:51:48.610"/>
</kw>
<kw name="Close Browser" library="SeleniumLibrary">
<doc>Closes the current browser.</doc>
<status status="PASS" starttime="20220526 22:51:48.610" endtime="20220526 22:51:49.021"/>
</kw>
<status status="PASS" starttime="20220526 22:51:37.268" endtime="20220526 22:51:49.022"/>
</test>
<test id="s1-t3" name="Navigate to Women subpage">
<kw name="Opening Browser" library="Common">
<arg>${site_url}</arg>
<arg>${browser}</arg>
<kw name="Open Browser" library="SeleniumLibrary">
<arg>${site_url}</arg>
<arg>${browser}</arg>
<doc>Opens a new browser instance to the optional ``url``.</doc>
<msg timestamp="20220526 22:51:49.025" level="INFO">Opening browser 'Firefox' to base url 'http://automationpractice.com/'.</msg>
<msg timestamp="20220526 22:51:49.026" level="INFO">Firefox driver log is always forced to to: /home/robert/Pulpit/tester/robot-practice/Tests/geckodriver-67.log</msg>
<status status="PASS" starttime="20220526 22:51:49.024" endtime="20220526 22:51:55.540"/>
</kw>
<kw name="Wait Until Element Is Visible" library="SeleniumLibrary">
<arg>${SIGN_IN}</arg>
<arg>timeout=5</arg>
<doc>Waits until the element ``locator`` is visible.</doc>
<status status="PASS" starttime="20220526 22:51:55.540" endtime="20220526 22:51:55.705"/>
</kw>
<status status="PASS" starttime="20220526 22:51:49.023" endtime="20220526 22:51:55.705"/>
</kw>
<kw name="Click Link" library="SeleniumLibrary">
<arg>${MENU_WOMEN}</arg>
<doc>Clicks a link identified by ``locator``.</doc>
<msg timestamp="20220526 22:51:55.705" level="INFO">Clicking link 'xpath://div[contains(@id,'block_top_menu')]/ul/li/a[contains(@title,'Women')]'.</msg>
<status status="PASS" starttime="20220526 22:51:55.705" endtime="20220526 22:51:57.579"/>
</kw>
<kw name="Verify women subpage is successfully loaded" library="HomePage">
<kw name="Title Should Be" library="SeleniumLibrary">
<arg>${hp_head_title_women_dir}</arg>
<doc>Verifies that the current page title equals ``title``.</doc>
<msg timestamp="20220526 22:51:57.587" level="INFO">Page title is 'Women - My Store'.</msg>
<status status="PASS" starttime="20220526 22:51:57.580" endtime="20220526 22:51:57.587"/>
</kw>
<status status="PASS" starttime="20220526 22:51:57.580" endtime="20220526 22:51:57.587"/>
</kw>
<kw name="Close Browser" library="SeleniumLibrary">
<doc>Closes the current browser.</doc>
<status status="PASS" starttime="20220526 22:51:57.587" endtime="20220526 22:51:57.964"/>
</kw>
<status status="PASS" starttime="20220526 22:51:49.023" endtime="20220526 22:51:57.964"/>
</test>
<test id="s1-t4" name="Navigate to Dresses subpage">
<kw name="Opening Browser" library="Common">
<arg>${site_url}</arg>
<arg>${browser}</arg>
<kw name="Open Browser" library="SeleniumLibrary">
<arg>${site_url}</arg>
<arg>${browser}</arg>
<doc>Opens a new browser instance to the optional ``url``.</doc>
<msg timestamp="20220526 22:51:57.966" level="INFO">Opening browser 'Firefox' to base url 'http://automationpractice.com/'.</msg>
<msg timestamp="20220526 22:51:57.966" level="INFO">Firefox driver log is always forced to to: /home/robert/Pulpit/tester/robot-practice/Tests/geckodriver-68.log</msg>
<status status="PASS" starttime="20220526 22:51:57.965" endtime="20220526 22:52:04.971"/>
</kw>
<kw name="Wait Until Element Is Visible" library="SeleniumLibrary">
<arg>${SIGN_IN}</arg>
<arg>timeout=5</arg>
<doc>Waits until the element ``locator`` is visible.</doc>
<status status="PASS" starttime="20220526 22:52:04.971" endtime="20220526 22:52:05.138"/>
</kw>
<status status="PASS" starttime="20220526 22:51:57.965" endtime="20220526 22:52:05.138"/>
</kw>
<kw name="Click Link" library="SeleniumLibrary">
<arg>${MENU_DRESSES}</arg>
<doc>Clicks a link identified by ``locator``.</doc>
<msg timestamp="20220526 22:52:05.139" level="INFO">Clicking link 'xpath://div[contains(@id,'block_top_menu')]/ul/li/a[contains(@title,'Dresses')]'.</msg>
<status status="PASS" starttime="20220526 22:52:05.139" endtime="20220526 22:52:07.094"/>
</kw>
<kw name="Verify dresses subpage is successfully loaded" library="HomePage">
<kw name="Title Should Be" library="SeleniumLibrary">
<arg>${hp_head_title_dresses_dir}</arg>
<doc>Verifies that the current page title equals ``title``.</doc>
<msg timestamp="20220526 22:52:07.105" level="INFO">Page title is 'Dresses - My Store'.</msg>
<status status="PASS" starttime="20220526 22:52:07.095" endtime="20220526 22:52:07.105"/>
</kw>
<status status="PASS" starttime="20220526 22:52:07.094" endtime="20220526 22:52:07.105"/>
</kw>
<kw name="Close Browser" library="SeleniumLibrary">
<doc>Closes the current browser.</doc>
<status status="PASS" starttime="20220526 22:52:07.105" endtime="20220526 22:52:07.485"/>
</kw>
<status status="PASS" starttime="20220526 22:51:57.965" endtime="20220526 22:52:07.485"/>
</test>
<test id="s1-t5" name="Navigate to T-shirts subpage">
<kw name="Opening Browser" library="Common">
<arg>${site_url}</arg>
<arg>${browser}</arg>
<kw name="Open Browser" library="SeleniumLibrary">
<arg>${site_url}</arg>
<arg>${browser}</arg>
<doc>Opens a new browser instance to the optional ``url``.</doc>
<msg timestamp="20220526 22:52:07.486" level="INFO">Opening browser 'Firefox' to base url 'http://automationpractice.com/'.</msg>
<msg timestamp="20220526 22:52:07.486" level="INFO">Firefox driver log is always forced to to: /home/robert/Pulpit/tester/robot-practice/Tests/geckodriver-69.log</msg>
<status status="PASS" starttime="20220526 22:52:07.486" endtime="20220526 22:52:14.089"/>
</kw>
<kw name="Wait Until Element Is Visible" library="SeleniumLibrary">
<arg>${SIGN_IN}</arg>
<arg>timeout=5</arg>
<doc>Waits until the element ``locator`` is visible.</doc>
<status status="PASS" starttime="20220526 22:52:14.089" endtime="20220526 22:52:14.314"/>
</kw>
<status status="PASS" starttime="20220526 22:52:07.485" endtime="20220526 22:52:14.315"/>
</kw>
<kw name="Click Link" library="SeleniumLibrary">
<arg>${MENU_TSHIRTS}</arg>
<doc>Clicks a link identified by ``locator``.</doc>
<msg timestamp="20220526 22:52:14.315" level="INFO">Clicking link 'xpath://div[contains(@id,'block_top_menu')]/ul/li/a[contains(@title,'T-shirts')]'.</msg>
<status status="PASS" starttime="20220526 22:52:14.315" endtime="20220526 22:52:16.390"/>
</kw>
<kw name="Verify t-shirts subpage is successfully loaded" library="HomePage">
<kw name="Title Should Be" library="SeleniumLibrary">
<arg>${hp_head_title_tshirts_dir}</arg>
<doc>Verifies that the current page title equals ``title``.</doc>
<msg timestamp="20220526 22:52:16.410" level="INFO">Page title is 'T-shirts - My Store'.</msg>
<status status="PASS" starttime="20220526 22:52:16.395" endtime="20220526 22:52:16.410"/>
</kw>
<status status="PASS" starttime="20220526 22:52:16.391" endtime="20220526 22:52:16.410"/>
</kw>
<kw name="Close Browser" library="SeleniumLibrary">
<doc>Closes the current browser.</doc>
<status status="PASS" starttime="20220526 22:52:16.411" endtime="20220526 22:52:16.793"/>
</kw>
<status status="PASS" starttime="20220526 22:52:07.485" endtime="20220526 22:52:16.794"/>
</test>
<doc>Page Object in Robot Framework</doc>
<status status="PASS" starttime="20220526 22:51:29.988" endtime="20220526 22:52:16.794"/>
</suite>
<statistics>
<total>
<stat pass="5" fail="0" skip="0">All Tests</stat>
</total>
<tag>
</tag>
<suite>
<stat pass="5" fail="0" skip="0" id="s1" name="PageObject">PageObject</stat>
</suite>
</statistics>
<errors>
</errors>
</robot>
